<?xml version="1.0" encoding="utf-8"?><testsuites name="pytest tests"><testsuite name="pytest" errors="0" failures="0" skipped="0" tests="8" time="1.363" timestamp="2026-06-25T17:05:31.020829+00:00" hostname="agent-env-4ca1a383-37b3-4d41-9da5-4879b9bce846"><testcase classname="tests.test_contact_api" name="test_root_alive" time="0.231" /><testcase classname="tests.test_contact_api" name="test_create_contact_valid" time="0.106" /><testcase classname="tests.test_contact_api" name="test_create_contact_without_organisation" time="0.048" /><testcase classname="tests.test_contact_api" name="test_create_contact_invalid_email" time="0.050" /><testcase classname="tests.test_contact_api" name="test_create_contact_missing_required_name" time="0.047" /><testcase classname="tests.test_contact_api" name="test_create_contact_missing_required_message" time="0.047" /><testcase classname="tests.test_contact_api" name="test_create_contact_empty_strings_rejected" time="0.047" /><testcase classname="tests.test_contact_api" name="test_list_contacts_returns_list_recent_first" time="0.145" /></testsuite></testsuites>